
Showing logs for build [32mcb-kubecd-environment-pr-195-35-7pk8z-1[0m stage [32mfrom-build-pack[0m and container [32mstep-credential-initializer-z7j54[0m
{"level":"warn","ts":1586243463.8723848,"logger":"fallback-logger","caller":"logging/config.go:69","msg":"Fetch GitHub commit ID from kodata failed: \"ref: refs/heads/0.8.0-**-support-backwards-incompats\" is not a valid GitHub commit ID"}
{"level":"info","ts":1586243463.8733156,"logger":"fallback-logger","caller":"creds-init/main.go:40","msg":"Credentials initialized."}

Showing logs for build [32mcb-kubecd-environment-pr-195-35-7pk8z-1[0m stage [32mfrom-build-pack[0m and container [32mstep-working-dir-initializer-99n5f[0m
{"level":"warn","ts":1586243464.7518592,"logger":"fallback-logger","caller":"logging/config.go:69","msg":"Fetch GitHub commit ID from kodata failed: open /var/run/ko/HEAD: no such file or directory"}
{"level":"info","ts":1586243464.7539952,"logger":"fallback-logger","caller":"bash/main.go:64","msg":"Successfully executed command \"sh -c mkdir -p /workspace/source\"; output "}

Showing logs for build [32mcb-kubecd-environment-pr-195-35-7pk8z-1[0m stage [32mfrom-build-pack[0m and container [32mstep-place-tools[0m

Showing logs for build [32mcb-kubecd-environment-pr-195-35-7pk8z-1[0m stage [32mfrom-build-pack[0m and container [32mstep-git-source-cb-kubecd-environment-pr-195-35-7pk8z-m9t5x[0m
{"level":"warn","ts":1586243469.0168648,"logger":"fallback-logger","caller":"logging/config.go:69","msg":"Fetch GitHub commit ID from kodata failed: \"ref: refs/heads/0.8.0-**-support-backwards-incompats\" is not a valid GitHub commit ID"}
{"level":"info","ts":1586243470.0861619,"logger":"fallback-logger","caller":"git/git.go:103","msg":"Successfully cloned https://github.com/cb-kubecd/environment-pr-195-35-boot-vault-gke-staging.git @ master in path /workspace/source"}

Showing logs for build [32mcb-kubecd-environment-pr-195-35-7pk8z-1[0m stage [32mfrom-build-pack[0m and container [32mstep-git-merge[0m
Using SHAs from PULL_REFS=master:ae50eb5831e443ddba26496fde95489ed076d369,2:cc30ecc0fc4b89d5962ddb0551f9ec3833bff72a
DEBUG: LC_ALL=C JX_LOG_LEVEL=error git fetch origin --unshallow cc30ecc0fc4b89d5962ddb0551f9ec3833bff72a: ae50eb5831e443ddba26496fde95489ed076d369:
DEBUG: ran git fetch --unshallow origin cc30ecc0fc4b89d5962ddb0551f9ec3833bff72a: ae50eb5831e443ddba26496fde95489ed076d369: in 
DEBUG: LC_ALL=C JX_LOG_LEVEL=error git branch
DEBUG: LC_ALL=C JX_LOG_LEVEL=error git checkout master
DEBUG: ran git checkout master in 
DEBUG: LC_ALL=C JX_LOG_LEVEL=error git reset --hard ae50eb5831e443ddba26496fde95489ed076d369
DEBUG: ran git reset --hard ae50eb5831e443ddba26496fde95489ed076d369 in 
DEBUG: LC_ALL=C JX_LOG_LEVEL=error git clean -fd .
DEBUG: ran clean --force -d . in 
DEBUG: LC_ALL=C JX_LOG_LEVEL=error git merge cc30ecc0fc4b89d5962ddb0551f9ec3833bff72a
DEBUG: ran git merge cc30ecc0fc4b89d5962ddb0551f9ec3833bff72a in 
DEBUG: JX_LOG_LEVEL=error LC_ALL=C git log --format=%H%x1f%an%x1f%ae%x1f%cn%x1f%ce%x1f%s%n%b%x1e ae50eb5831e443ddba26496fde95489ed076d369..HEAD
Merged SHA cc30ecc0fc4b89d5962ddb0551f9ec3833bff72a with commit message 'chore: Promote bdd-sbhg-1586243024 to version 0.0.1' into base branch master

Showing logs for build [32mcb-kubecd-environment-pr-195-35-7pk8z-1[0m stage [32mfrom-build-pack[0m and container [32mstep-build-helm-build[0m
WARNING: No $CHART_REPOSITORY defined so using the default value of: http://jenkins-x-chartmuseum:8080
Adding missing Helm repo: storage.googleapis.com https://storage.googleapis.com/chartmuseum.jenkins-x.io
WARNING: No secrets found on "helm/repos" due: reading the secret "helm/repos" from vault: no secret "helm/repos" not found in vault
Read credentials for https://storage.googleapis.com/chartmuseum.jenkins-x.io from vault helm/repos
Successfully added Helm repository storage.googleapis.com.
Adding missing Helm repo: jenkins-x-chartmuseum http://jenkins-x-chartmuseum:8080
WARNING: No secrets found on "helm/repos" due: reading the secret "helm/repos" from vault: no secret "helm/repos" not found in vault
Read credentials for http://jenkins-x-chartmuseum:8080 from vault helm/repos
Successfully added Helm repository jenkins-x-chartmuseum.
WARNING: No $CHART_REPOSITORY defined so using the default value of: http://jenkins-x-chartmuseum:8080
Adding missing Helm repo: chartmuseum.jenkins-x.io http://chartmuseum.jenkins-x.io
WARNING: No secrets found on "helm/repos" due: reading the secret "helm/repos" from vault: no secret "helm/repos" not found in vault
Read credentials for http://chartmuseum.jenkins-x.io from vault helm/repos
Successfully added Helm repository chartmuseum.jenkins-x.io.
