
Showing logs for build [32mcb-kubecd-environment-pr-195-35-k62lr-1[0m stage [32mfrom-build-pack[0m and container [32mstep-credential-initializer-kxdqq[0m
{"level":"warn","ts":1586244364.6649692,"logger":"fallback-logger","caller":"logging/config.go:69","msg":"Fetch GitHub commit ID from kodata failed: \"ref: refs/heads/0.8.0-**-support-backwards-incompats\" is not a valid GitHub commit ID"}
{"level":"info","ts":1586244364.6658542,"logger":"fallback-logger","caller":"creds-init/main.go:40","msg":"Credentials initialized."}

Showing logs for build [32mcb-kubecd-environment-pr-195-35-k62lr-1[0m stage [32mfrom-build-pack[0m and container [32mstep-working-dir-initializer-x476p[0m
{"level":"warn","ts":1586244366.1112099,"logger":"fallback-logger","caller":"logging/config.go:69","msg":"Fetch GitHub commit ID from kodata failed: open /var/run/ko/HEAD: no such file or directory"}
{"level":"info","ts":1586244366.1129453,"logger":"fallback-logger","caller":"bash/main.go:64","msg":"Successfully executed command \"sh -c mkdir -p /workspace/source\"; output "}

Showing logs for build [32mcb-kubecd-environment-pr-195-35-k62lr-1[0m stage [32mfrom-build-pack[0m and container [32mstep-place-tools[0m

Showing logs for build [32mcb-kubecd-environment-pr-195-35-k62lr-1[0m stage [32mfrom-build-pack[0m and container [32mstep-git-source-cb-kubecd-environment-pr-195-35-k62lr-27lv6[0m
{"level":"warn","ts":1586244371.4556694,"logger":"fallback-logger","caller":"logging/config.go:69","msg":"Fetch GitHub commit ID from kodata failed: \"ref: refs/heads/0.8.0-**-support-backwards-incompats\" is not a valid GitHub commit ID"}
{"level":"info","ts":1586244372.549675,"logger":"fallback-logger","caller":"git/git.go:103","msg":"Successfully cloned https://github.com/cb-kubecd/environment-pr-195-35-boot-vault-gke-staging.git @ master in path /workspace/source"}

Showing logs for build [32mcb-kubecd-environment-pr-195-35-k62lr-1[0m stage [32mfrom-build-pack[0m and container [32mstep-git-merge[0m
Using SHAs from PULL_REFS=master:ab9f8ac7169424f1939c8d9d803e2be69ff06eb0,3:1a18ed79f52d64e0fa551f14ac5919e26a281bc3
DEBUG: JX_LOG_LEVEL=error LC_ALL=C git fetch origin --unshallow 1a18ed79f52d64e0fa551f14ac5919e26a281bc3: ab9f8ac7169424f1939c8d9d803e2be69ff06eb0:
DEBUG: ran git fetch --unshallow origin 1a18ed79f52d64e0fa551f14ac5919e26a281bc3: ab9f8ac7169424f1939c8d9d803e2be69ff06eb0: in 
DEBUG: LC_ALL=C JX_LOG_LEVEL=error git branch
DEBUG: LC_ALL=C JX_LOG_LEVEL=error git checkout master
DEBUG: ran git checkout master in 
DEBUG: LC_ALL=C JX_LOG_LEVEL=error git reset --hard ab9f8ac7169424f1939c8d9d803e2be69ff06eb0
DEBUG: ran git reset --hard ab9f8ac7169424f1939c8d9d803e2be69ff06eb0 in 
DEBUG: LC_ALL=C JX_LOG_LEVEL=error git clean -fd .
DEBUG: ran clean --force -d . in 
DEBUG: LC_ALL=C JX_LOG_LEVEL=error git merge 1a18ed79f52d64e0fa551f14ac5919e26a281bc3
DEBUG: ran git merge 1a18ed79f52d64e0fa551f14ac5919e26a281bc3 in 
DEBUG: LC_ALL=C JX_LOG_LEVEL=error git log --format=%H%x1f%an%x1f%ae%x1f%cn%x1f%ce%x1f%s%n%b%x1e ab9f8ac7169424f1939c8d9d803e2be69ff06eb0..HEAD
Merged SHA 1a18ed79f52d64e0fa551f14ac5919e26a281bc3 with commit message 'chore: Promote bdd-gh-1586243024 to version 0.0.1' into base branch master

Showing logs for build [32mcb-kubecd-environment-pr-195-35-k62lr-1[0m stage [32mfrom-build-pack[0m and container [32mstep-build-helm-build[0m
WARNING: No $CHART_REPOSITORY defined so using the default value of: http://jenkins-x-chartmuseum:8080
Adding missing Helm repo: storage.googleapis.com https://storage.googleapis.com/chartmuseum.jenkins-x.io
WARNING: No secrets found on "helm/repos" due: reading the secret "helm/repos" from vault: no secret "helm/repos" not found in vault
Read credentials for https://storage.googleapis.com/chartmuseum.jenkins-x.io from vault helm/repos
Successfully added Helm repository storage.googleapis.com.
Adding missing Helm repo: jenkins-x-chartmuseum http://jenkins-x-chartmuseum:8080
WARNING: No secrets found on "helm/repos" due: reading the secret "helm/repos" from vault: no secret "helm/repos" not found in vault
Read credentials for http://jenkins-x-chartmuseum:8080 from vault helm/repos
Successfully added Helm repository jenkins-x-chartmuseum.
WARNING: No $CHART_REPOSITORY defined so using the default value of: http://jenkins-x-chartmuseum:8080
Adding missing Helm repo: chartmuseum.jenkins-x.io http://chartmuseum.jenkins-x.io
WARNING: No secrets found on "helm/repos" due: reading the secret "helm/repos" from vault: no secret "helm/repos" not found in vault
Read credentials for http://chartmuseum.jenkins-x.io from vault helm/repos
Successfully added Helm repository chartmuseum.jenkins-x.io.
