
Showing logs for build [32mcb-kubecd-environment-pr-195-35-c7qmw-1[0m stage [32mfrom-build-pack[0m and container [32mstep-credential-initializer-nh625[0m
{"level":"warn","ts":1586245508.5695126,"logger":"fallback-logger","caller":"logging/config.go:69","msg":"Fetch GitHub commit ID from kodata failed: \"ref: refs/heads/0.8.0-**-support-backwards-incompats\" is not a valid GitHub commit ID"}
{"level":"info","ts":1586245508.5699456,"logger":"fallback-logger","caller":"creds-init/main.go:40","msg":"Credentials initialized."}

Showing logs for build [32mcb-kubecd-environment-pr-195-35-c7qmw-1[0m stage [32mfrom-build-pack[0m and container [32mstep-working-dir-initializer-9dlvx[0m
{"level":"warn","ts":1586245510.3359518,"logger":"fallback-logger","caller":"logging/config.go:69","msg":"Fetch GitHub commit ID from kodata failed: open /var/run/ko/HEAD: no such file or directory"}
{"level":"info","ts":1586245510.3424337,"logger":"fallback-logger","caller":"bash/main.go:64","msg":"Successfully executed command \"sh -c mkdir -p /workspace/source\"; output "}

Showing logs for build [32mcb-kubecd-environment-pr-195-35-c7qmw-1[0m stage [32mfrom-build-pack[0m and container [32mstep-place-tools[0m

Showing logs for build [32mcb-kubecd-environment-pr-195-35-c7qmw-1[0m stage [32mfrom-build-pack[0m and container [32mstep-git-source-cb-kubecd-environment-pr-195-35-c7qmw-sxrnj[0m
{"level":"warn","ts":1586245516.8524632,"logger":"fallback-logger","caller":"logging/config.go:69","msg":"Fetch GitHub commit ID from kodata failed: \"ref: refs/heads/0.8.0-**-support-backwards-incompats\" is not a valid GitHub commit ID"}
{"level":"info","ts":1586245517.9469447,"logger":"fallback-logger","caller":"git/git.go:103","msg":"Successfully cloned https://github.com/cb-kubecd/environment-pr-195-35-boot-vault-gke-staging.git @ master in path /workspace/source"}

Showing logs for build [32mcb-kubecd-environment-pr-195-35-c7qmw-1[0m stage [32mfrom-build-pack[0m and container [32mstep-git-merge[0m
Using SHAs from PULL_REFS=master:b963fec8edbddb7e04aed3b43e3cfd3335c6e33c,4:079f802f20d57e9c0eb9fe20593dea5396c2597c
DEBUG: LC_ALL=C JX_LOG_LEVEL=error git fetch origin --unshallow 079f802f20d57e9c0eb9fe20593dea5396c2597c: b963fec8edbddb7e04aed3b43e3cfd3335c6e33c:
DEBUG: ran git fetch --unshallow origin 079f802f20d57e9c0eb9fe20593dea5396c2597c: b963fec8edbddb7e04aed3b43e3cfd3335c6e33c: in 
DEBUG: LC_ALL=C JX_LOG_LEVEL=error git branch
DEBUG: LC_ALL=C JX_LOG_LEVEL=error git checkout master
DEBUG: ran git checkout master in 
DEBUG: LC_ALL=C JX_LOG_LEVEL=error git reset --hard b963fec8edbddb7e04aed3b43e3cfd3335c6e33c
DEBUG: ran git reset --hard b963fec8edbddb7e04aed3b43e3cfd3335c6e33c in 
DEBUG: LC_ALL=C JX_LOG_LEVEL=error git clean -fd .
DEBUG: ran clean --force -d . in 
DEBUG: JX_LOG_LEVEL=error LC_ALL=C git merge 079f802f20d57e9c0eb9fe20593dea5396c2597c
DEBUG: ran git merge 079f802f20d57e9c0eb9fe20593dea5396c2597c in 
DEBUG: LC_ALL=C JX_LOG_LEVEL=error git log --format=%H%x1f%an%x1f%ae%x1f%cn%x1f%ce%x1f%s%n%b%x1e b963fec8edbddb7e04aed3b43e3cfd3335c6e33c..HEAD
Merged SHA 079f802f20d57e9c0eb9fe20593dea5396c2597c with commit message 'chore: Promote bdd-nh-1586243024 to version 0.0.2' into base branch master

Showing logs for build [32mcb-kubecd-environment-pr-195-35-c7qmw-1[0m stage [32mfrom-build-pack[0m and container [32mstep-build-helm-build[0m
WARNING: No $CHART_REPOSITORY defined so using the default value of: http://jenkins-x-chartmuseum:8080
Adding missing Helm repo: storage.googleapis.com https://storage.googleapis.com/chartmuseum.jenkins-x.io
WARNING: No secrets found on "helm/repos" due: reading the secret "helm/repos" from vault: no secret "helm/repos" not found in vault
Read credentials for https://storage.googleapis.com/chartmuseum.jenkins-x.io from vault helm/repos
Successfully added Helm repository storage.googleapis.com.
Adding missing Helm repo: jenkins-x-chartmuseum http://jenkins-x-chartmuseum:8080
WARNING: No secrets found on "helm/repos" due: reading the secret "helm/repos" from vault: no secret "helm/repos" not found in vault
Read credentials for http://jenkins-x-chartmuseum:8080 from vault helm/repos
Successfully added Helm repository jenkins-x-chartmuseum.
WARNING: No $CHART_REPOSITORY defined so using the default value of: http://jenkins-x-chartmuseum:8080
Adding missing Helm repo: chartmuseum.jenkins-x.io http://chartmuseum.jenkins-x.io
WARNING: No secrets found on "helm/repos" due: reading the secret "helm/repos" from vault: no secret "helm/repos" not found in vault
Read credentials for http://chartmuseum.jenkins-x.io from vault helm/repos
Successfully added Helm repository chartmuseum.jenkins-x.io.
